Using pre-set license

 COMMAND LINE ARGUMENTS:
/Applications/Unity/Unity.app/Contents/MacOS/Unity
-adb2
-batchMode
-noUpm
-name
AssetImportWorker1
-projectPath
/Users/mike/code/unity/ono
-logFile
Logs/AssetImportWorker1.log
-srvPort
60009
Successfully changed project path to: /Users/mike/code/unity/ono
/Users/mike/code/unity/ono
Using Asset Import Pipeline V2.
Refreshing native plugins compatible for Editor in 35.12 ms, found 2 plugins.
Preloading 0 native plugins for Editor in 0.00 ms.
Initialize engine version: 2020.2.1f1 (270dd8c3da1c)
[Subsystems] Discovering subsystems at path /Applications/Unity/Unity.app/Contents/Resources/UnitySubsystems
[Subsystems] Discovering subsystems at path /Users/mike/code/unity/ono/Assets
GfxDevice: creating device client; threaded=0
2021-08-20 18:16:25.084 Unity[27262:2069129] Color LCD preferred device: AMD Radeon Pro 5500M (high power)
2021-08-20 18:16:25.084 Unity[27262:2069129] Metal devices available: 2
2021-08-20 18:16:25.085 Unity[27262:2069129] 0: AMD Radeon Pro 5500M (high power)
2021-08-20 18:16:25.085 Unity[27262:2069129] 1: Intel(R) UHD Graphics 630 (low power)
2021-08-20 18:16:25.087 Unity[27262:2069129] Using device AMD Radeon Pro 5500M (high power)
Initializing Metal device caps: AMD Radeon Pro 5500M
Initialize mono
Mono path[0] = '/Applications/Unity/Unity.app/Contents/Managed'
Mono path[1] = '/Applications/Unity/Unity.app/Contents/MonoBleedingEdge/lib/mono/unityjit'
Mono config path = '/Applications/Unity/Unity.app/Contents/MonoBleedingEdge/etc'
Using monoOptions --debugger-agent=transport=dt_socket,embedding=1,server=y,suspend=n,address=127.0.0.1:56262
Begin MonoManager ReloadAssembly
Error scanning for extension ivy.xml files: System.UnauthorizedAccessException: Access to the path '/Applications/Unity/PlaybackEngines/WebGLSupport/BuildTools/Emscripten_Mac/node' is denied.
  at System.IO.__Error.WinIOError (System.Int32 errorCode, System.String maybeFullPath) [0x00129] in <9577ac7a62ef43179789031239ba8798>:0 
  at System.IO.FileSystemEnumerableIterator`1[TSource].HandleError (System.Int32 hr, System.String path) [0x00006] in <9577ac7a62ef43179789031239ba8798>:0 
  at System.IO.FileSystemEnumerableIterator`1[TSource].AddSearchableDirsToStack (System.IO.Directory+SearchData localSearchData) [0x00053] in <9577ac7a62ef43179789031239ba8798>:0 
  at System.IO.FileSystemEnumerableIterator`1[TSource].MoveNext () [0x0008e] in <9577ac7a62ef43179789031239ba8798>:0 
  at System.Collections.Generic.List`1[T]..ctor (System.Collections.Generic.IEnumerable`1[T] collection) [0x00077] in <9577ac7a62ef43179789031239ba8798>:0 
  at System.IO.Directory.InternalGetFileDirectoryNames (System.String path, System.String userPathOriginal, System.String searchPattern, System.Boolean includeFiles, System.Boolean includeDirs, System.IO.SearchOption searchOption, System.Boolean checkHost) [0x0000f] in <9577ac7a62ef43179789031239ba8798>:0 
  at System.IO.Directory.InternalGetFiles (System.String path, System.String searchPattern, System.IO.SearchOption searchOption) [0x00000] in <9577ac7a62ef43179789031239ba8798>:0 
  at System.IO.Directory.GetFiles (System.String path, System.String searchPattern, System.IO.SearchOption searchOption) [0x00038] in <9577ac7a62ef43179789031239ba8798>:0 
  at UnityEditor.Modules.ModuleManager.LoadLegacyExtensionsFromIvyFiles () [0x000a5] in /Users/bokken/buildslave/unity/build/Editor/Mono/Modules/ModuleManager.cs:253 
Registering precompiled unity dll's ...
Register platform support module: /Applications/Unity/PlaybackEngines/WebGLSupport/UnityEditor.WebGL.Extensions.dll
Register platform support module: /Applications/Unity/Unity.app/Contents/PlaybackEngines/MacStandaloneSupport/UnityEditor.OSXStandalone.Extensions.dll
Registered in 0.000535 seconds.
Native extension for OSXStandalone target not found
Native extension for WebGL target not found
Refreshing native plugins compatible for Editor in 32.03 ms, found 2 plugins.
Preloading 0 native plugins for Editor in 0.00 ms.
Invoked RoslynAnalysisRunner static constructor.
RoslynAnalysisRunner will not be running.
RoslynAnalysisRunner has terminated.
Mono: successfully reloaded assembly
- Completed reload, in  2.229 seconds
Platform modules already initialized, skipping
Registering precompiled user dll's ...
Registered in 0.000397 seconds.
Begin MonoManager ReloadAssembly
Native extension for OSXStandalone target not found
Native extension for WebGL target not found
Refreshing native plugins compatible for Editor in 32.19 ms, found 2 plugins.
Preloading 0 native plugins for Editor in 0.00 ms.
Invoked RoslynAnalysisRunner static constructor.
RoslynAnalysisRunner will not be running.
RoslynAnalysisRunner has terminated.
Mono: successfully reloaded assembly
- Completed reload, in  0.929 seconds
Platform modules already initialized, skipping
========================================================================
Worker process is ready to serve import requests
Launching external process: /Applications/Unity/Unity.app/Contents/Tools/UnityShaderCompiler
Launched and connected shader compiler UnityShaderCompiler after 0.02 seconds
Refreshing native plugins compatible for Editor in 0.39 ms, found 2 plugins.
Preloading 0 native plugins for Editor in 0.00 ms.
Unloading 1790 Unused Serialized files (Serialized files now loaded: 0)
System memory in use before: 142.2 MB.
System memory in use after: 142.2 MB.

Unloading 24 unused Assets to reduce memory usage. Loaded Objects now: 2229.
Total: 2.305212 ms (FindLiveObjects: 0.224377 ms CreateObjectMapping: 0.083880 ms MarkObjects: 1.885571 ms  DeleteObjects: 0.109986 ms)

========================================================================
Received Import Request.
  path: Assets/Scenes/Game.unity
  artifactKey: Guid(2cda990e2423bbf4892e6590ba056729) Importer(815301076,1909f56bfc062723c751e8b465ee728b)
Start importing Assets/Scenes/Game.unity using Guid(2cda990e2423bbf4892e6590ba056729) Importer(815301076,1909f56bfc062723c751e8b465ee728b)  -> (artifact id: 'd7aa76a3721541d4808c0eab7db6075d') in 0.011939 seconds
  Import took 0.015502 seconds .

========================================================================
Received Import Request.
  Time since last request: 5.023384 seconds.
  path: Assets/Scripts/GameManager.cs
  artifactKey: Guid(435bce84b24904d81b1cc4094216bf7a) Importer(815301076,1909f56bfc062723c751e8b465ee728b)
Start importing Assets/Scripts/GameManager.cs using Guid(435bce84b24904d81b1cc4094216bf7a) Importer(815301076,1909f56bfc062723c751e8b465ee728b)  -> (artifact id: 'c47e1cec2d58bc4154e9fdd1b29b3ef1') in 0.295742 seconds
  Import took 0.299267 seconds .

========================================================================
Received Prepare
Registering precompiled user dll's ...
Registered in 0.001222 seconds.
Begin MonoManager ReloadAssembly
Native extension for OSXStandalone target not found
Native extension for WebGL target not found
Refreshing native plugins compatible for Editor in 0.30 ms, found 2 plugins.
Preloading 0 native plugins for Editor in 0.00 ms.
Invoked RoslynAnalysisRunner static constructor.
RoslynAnalysisRunner will not be running.
RoslynAnalysisRunner has terminated.
Mono: successfully reloaded assembly
- Completed reload, in  0.882 seconds
Platform modules already initialized, skipping
Refreshing native plugins compatible for Editor in 0.25 ms, found 2 plugins.
Preloading 0 native plugins for Editor in 0.00 ms.
Unloading 1786 Unused Serialized files (Serialized files now loaded: 0)
System memory in use before: 146.7 MB.
System memory in use after: 146.8 MB.

Unloading 12 unused Assets to reduce memory usage. Loaded Objects now: 2233.
Total: 1.700719 ms (FindLiveObjects: 0.158508 ms CreateObjectMapping: 0.050935 ms MarkObjects: 1.407785 ms  DeleteObjects: 0.082648 ms)

========================================================================
Received Prepare
Registering precompiled user dll's ...
Registered in 0.000575 seconds.
Begin MonoManager ReloadAssembly
Native extension for OSXStandalone target not found
Native extension for WebGL target not found
Refreshing native plugins compatible for Editor in 0.31 ms, found 2 plugins.
Preloading 0 native plugins for Editor in 0.00 ms.
Invoked RoslynAnalysisRunner static constructor.
RoslynAnalysisRunner will not be running.
RoslynAnalysisRunner has terminated.
Mono: successfully reloaded assembly
- Completed reload, in  0.881 seconds
Platform modules already initialized, skipping
Refreshing native plugins compatible for Editor in 0.31 ms, found 2 plugins.
Preloading 0 native plugins for Editor in 0.00 ms.
Unloading 1786 Unused Serialized files (Serialized files now loaded: 0)
System memory in use before: 147.0 MB.
System memory in use after: 147.1 MB.

Unloading 12 unused Assets to reduce memory usage. Loaded Objects now: 2236.
Total: 1.908115 ms (FindLiveObjects: 0.208499 ms CreateObjectMapping: 0.062568 ms MarkObjects: 1.549882 ms  DeleteObjects: 0.086011 ms)

========================================================================
Received Import Request.
  Time since last request: 342.417745 seconds.
  path: Assets/Scripts/GameManager.cs
  artifactKey: Guid(435bce84b24904d81b1cc4094216bf7a) Importer(815301076,1909f56bfc062723c751e8b465ee728b)
Start importing Assets/Scripts/GameManager.cs using Guid(435bce84b24904d81b1cc4094216bf7a) Importer(815301076,1909f56bfc062723c751e8b465ee728b)  -> (artifact id: 'e60b7ce1d3eb915bdb0ce18254eb974a') in 0.004427 seconds
  Import took 0.007983 seconds .

========================================================================
Received Prepare
Registering precompiled user dll's ...
Registered in 0.000509 seconds.
Begin MonoManager ReloadAssembly
Native extension for OSXStandalone target not found
Native extension for WebGL target not found
Refreshing native plugins compatible for Editor in 0.33 ms, found 2 plugins.
Preloading 0 native plugins for Editor in 0.00 ms.
Invoked RoslynAnalysisRunner static constructor.
RoslynAnalysisRunner will not be running.
RoslynAnalysisRunner has terminated.
Mono: successfully reloaded assembly
- Completed reload, in  0.897 seconds
Platform modules already initialized, skipping
Refreshing native plugins compatible for Editor in 0.23 ms, found 2 plugins.
Preloading 0 native plugins for Editor in 0.00 ms.
Unloading 1786 Unused Serialized files (Serialized files now loaded: 0)
System memory in use before: 147.4 MB.
System memory in use after: 147.4 MB.

Unloading 12 unused Assets to reduce memory usage. Loaded Objects now: 2239.
Total: 1.912161 ms (FindLiveObjects: 0.204322 ms CreateObjectMapping: 0.061903 ms MarkObjects: 1.560392 ms  DeleteObjects: 0.084592 ms)

========================================================================
Received Prepare
Registering precompiled user dll's ...
Registered in 0.000495 seconds.
Begin MonoManager ReloadAssembly
Native extension for OSXStandalone target not found
Native extension for WebGL target not found
Refreshing native plugins compatible for Editor in 0.30 ms, found 2 plugins.
Preloading 0 native plugins for Editor in 0.00 ms.
Invoked RoslynAnalysisRunner static constructor.
RoslynAnalysisRunner will not be running.
RoslynAnalysisRunner has terminated.
Mono: successfully reloaded assembly
- Completed reload, in  0.842 seconds
Platform modules already initialized, skipping
Refreshing native plugins compatible for Editor in 0.22 ms, found 2 plugins.
Preloading 0 native plugins for Editor in 0.00 ms.
Unloading 1786 Unused Serialized files (Serialized files now loaded: 0)
System memory in use before: 147.7 MB.
System memory in use after: 147.7 MB.

Unloading 12 unused Assets to reduce memory usage. Loaded Objects now: 2242.
Total: 2.056657 ms (FindLiveObjects: 0.246485 ms CreateObjectMapping: 0.082270 ms MarkObjects: 1.625236 ms  DeleteObjects: 0.101238 ms)

========================================================================
Received Prepare
Registering precompiled user dll's ...
Registered in 0.001057 seconds.
Begin MonoManager ReloadAssembly
Native extension for OSXStandalone target not found
Native extension for WebGL target not found
Refreshing native plugins compatible for Editor in 0.29 ms, found 2 plugins.
Preloading 0 native plugins for Editor in 0.00 ms.
Invoked RoslynAnalysisRunner static constructor.
RoslynAnalysisRunner will not be running.
RoslynAnalysisRunner has terminated.
Mono: successfully reloaded assembly
- Completed reload, in  0.868 seconds
Platform modules already initialized, skipping
Refreshing native plugins compatible for Editor in 0.29 ms, found 2 plugins.
Preloading 0 native plugins for Editor in 0.00 ms.
Unloading 1786 Unused Serialized files (Serialized files now loaded: 0)
System memory in use before: 148.0 MB.
System memory in use after: 148.0 MB.

Unloading 12 unused Assets to reduce memory usage. Loaded Objects now: 2245.
Total: 2.086479 ms (FindLiveObjects: 0.213546 ms CreateObjectMapping: 0.069255 ms MarkObjects: 1.724055 ms  DeleteObjects: 0.078557 ms)

========================================================================
Received Import Request.
  Time since last request: 246.167233 seconds.
  path: Assets/Scripts/Player.cs
  artifactKey: Guid(2facca7ee745d452f806ae54d4144757) Importer(815301076,1909f56bfc062723c751e8b465ee728b)
Start importing Assets/Scripts/Player.cs using Guid(2facca7ee745d452f806ae54d4144757) Importer(815301076,1909f56bfc062723c751e8b465ee728b)  -> (artifact id: '99415aae6daa70f87bd1c6d6606e6d80') in 0.003260 seconds
  Import took 0.005457 seconds .

========================================================================
Received Import Request.
  Time since last request: 0.003801 seconds.
  path: Assets/Scripts/Player.cs
  artifactKey: Guid(2facca7ee745d452f806ae54d4144757) Importer(815301076,1909f56bfc062723c751e8b465ee728b)
Start importing Assets/Scripts/Player.cs using Guid(2facca7ee745d452f806ae54d4144757) Importer(815301076,1909f56bfc062723c751e8b465ee728b)  -> (artifact id: '99415aae6daa70f87bd1c6d6606e6d80') in 0.001205 seconds
  Import took 0.003319 seconds .

========================================================================
Received Prepare
Registering precompiled user dll's ...
Registered in 0.000596 seconds.
Begin MonoManager ReloadAssembly
Native extension for OSXStandalone target not found
Native extension for WebGL target not found
Refreshing native plugins compatible for Editor in 0.45 ms, found 2 plugins.
Preloading 0 native plugins for Editor in 0.00 ms.
Invoked RoslynAnalysisRunner static constructor.
RoslynAnalysisRunner will not be running.
RoslynAnalysisRunner has terminated.
Mono: successfully reloaded assembly
- Completed reload, in  0.842 seconds
Platform modules already initialized, skipping
Refreshing native plugins compatible for Editor in 0.30 ms, found 2 plugins.
Preloading 0 native plugins for Editor in 0.00 ms.
Unloading 1786 Unused Serialized files (Serialized files now loaded: 0)
System memory in use before: 148.3 MB.
System memory in use after: 148.3 MB.

Unloading 12 unused Assets to reduce memory usage. Loaded Objects now: 2248.
Total: 1.843182 ms (FindLiveObjects: 0.349171 ms CreateObjectMapping: 0.090589 ms MarkObjects: 1.327628 ms  DeleteObjects: 0.074998 ms)

========================================================================
Received Prepare
Registering precompiled user dll's ...
Registered in 0.000849 seconds.
Begin MonoManager ReloadAssembly
Native extension for OSXStandalone target not found
Native extension for WebGL target not found
Refreshing native plugins compatible for Editor in 0.30 ms, found 2 plugins.
Preloading 0 native plugins for Editor in 0.00 ms.
Invoked RoslynAnalysisRunner static constructor.
RoslynAnalysisRunner will not be running.
RoslynAnalysisRunner has terminated.
Mono: successfully reloaded assembly
- Completed reload, in  0.868 seconds
Platform modules already initialized, skipping
Refreshing native plugins compatible for Editor in 0.26 ms, found 2 plugins.
Preloading 0 native plugins for Editor in 0.00 ms.
Unloading 1786 Unused Serialized files (Serialized files now loaded: 0)
System memory in use before: 148.6 MB.
System memory in use after: 148.6 MB.

Unloading 12 unused Assets to reduce memory usage. Loaded Objects now: 2251.
Total: 2.004069 ms (FindLiveObjects: 0.207778 ms CreateObjectMapping: 0.064182 ms MarkObjects: 1.657868 ms  DeleteObjects: 0.073501 ms)

========================================================================
Received Prepare
Registering precompiled user dll's ...
Registered in 0.000529 seconds.
Begin MonoManager ReloadAssembly
Native extension for OSXStandalone target not found
Native extension for WebGL target not found
Refreshing native plugins compatible for Editor in 0.34 ms, found 2 plugins.
Preloading 0 native plugins for Editor in 0.00 ms.
Invoked RoslynAnalysisRunner static constructor.
RoslynAnalysisRunner will not be running.
RoslynAnalysisRunner has terminated.
Mono: successfully reloaded assembly
- Completed reload, in  0.830 seconds
Platform modules already initialized, skipping
Refreshing native plugins compatible for Editor in 0.35 ms, found 2 plugins.
Preloading 0 native plugins for Editor in 0.00 ms.
Unloading 1786 Unused Serialized files (Serialized files now loaded: 0)
System memory in use before: 148.9 MB.
System memory in use after: 148.9 MB.

Unloading 12 unused Assets to reduce memory usage. Loaded Objects now: 2254.
Total: 1.907963 ms (FindLiveObjects: 0.193351 ms CreateObjectMapping: 0.065863 ms MarkObjects: 1.563916 ms  DeleteObjects: 0.083833 ms)

========================================================================
Received Prepare
Registering precompiled user dll's ...
Registered in 0.000577 seconds.
Begin MonoManager ReloadAssembly
Native extension for OSXStandalone target not found
Native extension for WebGL target not found
Refreshing native plugins compatible for Editor in 0.30 ms, found 2 plugins.
Preloading 0 native plugins for Editor in 0.00 ms.
Invoked RoslynAnalysisRunner static constructor.
RoslynAnalysisRunner will not be running.
RoslynAnalysisRunner has terminated.
Mono: successfully reloaded assembly
- Completed reload, in  0.822 seconds
Platform modules already initialized, skipping
Refreshing native plugins compatible for Editor in 0.26 ms, found 2 plugins.
Preloading 0 native plugins for Editor in 0.00 ms.
Unloading 1786 Unused Serialized files (Serialized files now loaded: 0)
System memory in use before: 149.1 MB.
System memory in use after: 149.1 MB.

Unloading 12 unused Assets to reduce memory usage. Loaded Objects now: 2257.
Total: 1.757794 ms (FindLiveObjects: 0.226140 ms CreateObjectMapping: 0.049980 ms MarkObjects: 1.410850 ms  DeleteObjects: 0.070129 ms)

========================================================================
Received Prepare
Registering precompiled user dll's ...
Registered in 0.000888 seconds.
Begin MonoManager ReloadAssembly
Native extension for OSXStandalone target not found
Native extension for WebGL target not found
Refreshing native plugins compatible for Editor in 0.31 ms, found 2 plugins.
Preloading 0 native plugins for Editor in 0.00 ms.
Invoked RoslynAnalysisRunner static constructor.
RoslynAnalysisRunner will not be running.
RoslynAnalysisRunner has terminated.
Mono: successfully reloaded assembly
- Completed reload, in  0.897 seconds
Platform modules already initialized, skipping
Refreshing native plugins compatible for Editor in 0.27 ms, found 2 plugins.
Preloading 0 native plugins for Editor in 0.00 ms.
Unloading 1786 Unused Serialized files (Serialized files now loaded: 0)
System memory in use before: 149.5 MB.
System memory in use after: 149.5 MB.

Unloading 12 unused Assets to reduce memory usage. Loaded Objects now: 2260.
Total: 2.138307 ms (FindLiveObjects: 0.214661 ms CreateObjectMapping: 0.067305 ms MarkObjects: 1.763652 ms  DeleteObjects: 0.091856 ms)

========================================================================
Received Import Request.
  Time since last request: 1231.660598 seconds.
  path: Assets/Prefabs/Tile.prefab
  artifactKey: Guid(4aceb6c408544476d8aec3510b9111d2) Importer(815301076,1909f56bfc062723c751e8b465ee728b)
Start importing Assets/Prefabs/Tile.prefab using Guid(4aceb6c408544476d8aec3510b9111d2) Importer(815301076,1909f56bfc062723c751e8b465ee728b)  -> (artifact id: '41f61e3962d210bdb3cbb8d3ee233d67') in 0.928461 seconds
  Import took 0.932683 seconds .

========================================================================
Received Import Request.
  Time since last request: 13.786571 seconds.
  path: Assets/Prefabs/Block.prefab
  artifactKey: Guid(58df8043d62f54f169e172610a359629) Importer(815301076,1909f56bfc062723c751e8b465ee728b)
Start importing Assets/Prefabs/Block.prefab using Guid(58df8043d62f54f169e172610a359629) Importer(815301076,1909f56bfc062723c751e8b465ee728b)  -> (artifact id: '019a53ee29bebbfea36e6966febbfbd9') in 0.004070 seconds
  Import took 0.007381 seconds .

========================================================================
Received Import Request.
  Time since last request: 5.584271 seconds.
  path: Assets/Prefabs/Tile.prefab
  artifactKey: Guid(4aceb6c408544476d8aec3510b9111d2) Importer(815301076,1909f56bfc062723c751e8b465ee728b)
Start importing Assets/Prefabs/Tile.prefab using Guid(4aceb6c408544476d8aec3510b9111d2) Importer(815301076,1909f56bfc062723c751e8b465ee728b)  -> (artifact id: 'f5285f3407a3002c2c3a8e14dbe55679') in 0.007901 seconds
  Import took 0.011038 seconds .

========================================================================
Received Prepare
Registering precompiled user dll's ...
Registered in 0.000544 seconds.
Begin MonoManager ReloadAssembly
Native extension for OSXStandalone target not found
Native extension for WebGL target not found
Refreshing native plugins compatible for Editor in 0.32 ms, found 2 plugins.
Preloading 0 native plugins for Editor in 0.00 ms.
Invoked RoslynAnalysisRunner static constructor.
RoslynAnalysisRunner will not be running.
RoslynAnalysisRunner has terminated.
Mono: successfully reloaded assembly
- Completed reload, in  0.948 seconds
Platform modules already initialized, skipping
Refreshing native plugins compatible for Editor in 0.34 ms, found 2 plugins.
Preloading 0 native plugins for Editor in 0.00 ms.
Unloading 1786 Unused Serialized files (Serialized files now loaded: 0)
System memory in use before: 157.4 MB.
System memory in use after: 157.4 MB.

Unloading 12 unused Assets to reduce memory usage. Loaded Objects now: 2270.
Total: 1.812935 ms (FindLiveObjects: 0.170614 ms CreateObjectMapping: 0.059260 ms MarkObjects: 1.500113 ms  DeleteObjects: 0.081390 ms)

========================================================================
Received Prepare
Registering precompiled user dll's ...
Registered in 0.000937 seconds.
Begin MonoManager ReloadAssembly
Native extension for OSXStandalone target not found
Native extension for WebGL target not found
Refreshing native plugins compatible for Editor in 0.30 ms, found 2 plugins.
Preloading 0 native plugins for Editor in 0.00 ms.
Invoked RoslynAnalysisRunner static constructor.
RoslynAnalysisRunner will not be running.
RoslynAnalysisRunner has terminated.
Mono: successfully reloaded assembly
- Completed reload, in  0.944 seconds
Platform modules already initialized, skipping
Refreshing native plugins compatible for Editor in 0.30 ms, found 2 plugins.
Preloading 0 native plugins for Editor in 0.00 ms.
Unloading 1786 Unused Serialized files (Serialized files now loaded: 0)
System memory in use before: 157.7 MB.
System memory in use after: 157.7 MB.

Unloading 12 unused Assets to reduce memory usage. Loaded Objects now: 2273.
Total: 1.961777 ms (FindLiveObjects: 0.175368 ms CreateObjectMapping: 0.061215 ms MarkObjects: 1.628639 ms  DeleteObjects: 0.095585 ms)

========================================================================
Received Import Request.
  Time since last request: 50530.165177 seconds.
  path: Assets/Prefabs/Tile.prefab
  artifactKey: Guid(4aceb6c408544476d8aec3510b9111d2) Importer(815301076,1909f56bfc062723c751e8b465ee728b)
Start importing Assets/Prefabs/Tile.prefab using Guid(4aceb6c408544476d8aec3510b9111d2) Importer(815301076,1909f56bfc062723c751e8b465ee728b)  -> (artifact id: 'e9ad116ec0b58efe28dcf0c990fa7fc0') in 0.061140 seconds
  Import took 0.065261 seconds .

========================================================================
Received Import Request.
  Time since last request: 0.022489 seconds.
  path: Assets/Prefabs/Tile.prefab
  artifactKey: Guid(4aceb6c408544476d8aec3510b9111d2) Importer(815301076,1909f56bfc062723c751e8b465ee728b)
Start importing Assets/Prefabs/Tile.prefab using Guid(4aceb6c408544476d8aec3510b9111d2) Importer(815301076,1909f56bfc062723c751e8b465ee728b)  -> (artifact id: 'e9ad116ec0b58efe28dcf0c990fa7fc0') in 0.009390 seconds
  Import took 0.012378 seconds .

========================================================================
Received Prepare
Registering precompiled user dll's ...
Registered in 0.000504 seconds.
Begin MonoManager ReloadAssembly
Native extension for OSXStandalone target not found
Native extension for WebGL target not found
Refreshing native plugins compatible for Editor in 0.30 ms, found 2 plugins.
Preloading 0 native plugins for Editor in 0.00 ms.
Invoked RoslynAnalysisRunner static constructor.
RoslynAnalysisRunner will not be running.
RoslynAnalysisRunner has terminated.
Mono: successfully reloaded assembly
- Completed reload, in  0.837 seconds
Platform modules already initialized, skipping
Refreshing native plugins compatible for Editor in 0.26 ms, found 2 plugins.
Preloading 0 native plugins for Editor in 0.00 ms.
Unloading 1786 Unused Serialized files (Serialized files now loaded: 0)
System memory in use before: 158.1 MB.
System memory in use after: 158.1 MB.

Unloading 12 unused Assets to reduce memory usage. Loaded Objects now: 2277.
Total: 1.867461 ms (FindLiveObjects: 0.177139 ms CreateObjectMapping: 0.053304 ms MarkObjects: 1.557087 ms  DeleteObjects: 0.079230 ms)

========================================================================
Received Import Request.
  Time since last request: 118.531607 seconds.
  path: Assets/Prefabs/Tile.prefab
  artifactKey: Guid(4aceb6c408544476d8aec3510b9111d2) Importer(815301076,1909f56bfc062723c751e8b465ee728b)
Start importing Assets/Prefabs/Tile.prefab using Guid(4aceb6c408544476d8aec3510b9111d2) Importer(815301076,1909f56bfc062723c751e8b465ee728b)  -> (artifact id: 'acc0c3bb24855090ba36b89b827d48b4') in 0.054060 seconds
  Import took 0.056765 seconds .

========================================================================
Received Import Request.
  Time since last request: 0.014708 seconds.
  path: Assets/Prefabs/Tile.prefab
  artifactKey: Guid(4aceb6c408544476d8aec3510b9111d2) Importer(815301076,1909f56bfc062723c751e8b465ee728b)
Start importing Assets/Prefabs/Tile.prefab using Guid(4aceb6c408544476d8aec3510b9111d2) Importer(815301076,1909f56bfc062723c751e8b465ee728b)  -> (artifact id: 'acc0c3bb24855090ba36b89b827d48b4') in 0.009470 seconds
  Import took 0.011952 seconds .

========================================================================
Received Prepare
Registering precompiled user dll's ...
Registered in 0.000571 seconds.
Begin MonoManager ReloadAssembly
Native extension for OSXStandalone target not found
Native extension for WebGL target not found
Refreshing native plugins compatible for Editor in 0.31 ms, found 2 plugins.
Preloading 0 native plugins for Editor in 0.00 ms.
Invoked RoslynAnalysisRunner static constructor.
RoslynAnalysisRunner will not be running.
RoslynAnalysisRunner has terminated.
Mono: successfully reloaded assembly
- Completed reload, in  0.837 seconds
Platform modules already initialized, skipping
Refreshing native plugins compatible for Editor in 0.27 ms, found 2 plugins.
Preloading 0 native plugins for Editor in 0.00 ms.
Unloading 1786 Unused Serialized files (Serialized files now loaded: 0)
System memory in use before: 158.5 MB.
System memory in use after: 158.5 MB.

Unloading 12 unused Assets to reduce memory usage. Loaded Objects now: 2281.
Total: 2.001374 ms (FindLiveObjects: 0.208586 ms CreateObjectMapping: 0.064985 ms MarkObjects: 1.626095 ms  DeleteObjects: 0.100472 ms)

========================================================================
Received Import Request.
  Time since last request: 5.994495 seconds.
  path: Assets/Prefabs/Block.prefab
  artifactKey: Guid(58df8043d62f54f169e172610a359629) Importer(815301076,1909f56bfc062723c751e8b465ee728b)
Start importing Assets/Prefabs/Block.prefab using Guid(58df8043d62f54f169e172610a359629) Importer(815301076,1909f56bfc062723c751e8b465ee728b)  -> (artifact id: '02721787591a9be1ee289a585d5d0eea') in 0.023310 seconds
  Import took 0.026835 seconds .

========================================================================
Received Prepare
Registering precompiled user dll's ...
Registered in 0.000905 seconds.
Begin MonoManager ReloadAssembly
Native extension for OSXStandalone target not found
Native extension for WebGL target not found
Refreshing native plugins compatible for Editor in 0.30 ms, found 2 plugins.
Preloading 0 native plugins for Editor in 0.00 ms.
Invoked RoslynAnalysisRunner static constructor.
RoslynAnalysisRunner will not be running.
RoslynAnalysisRunner has terminated.
Mono: successfully reloaded assembly
- Completed reload, in  0.869 seconds
Platform modules already initialized, skipping
Refreshing native plugins compatible for Editor in 0.25 ms, found 2 plugins.
Preloading 0 native plugins for Editor in 0.00 ms.
Unloading 1786 Unused Serialized files (Serialized files now loaded: 0)
System memory in use before: 158.8 MB.
System memory in use after: 158.8 MB.

Unloading 12 unused Assets to reduce memory usage. Loaded Objects now: 2284.
Total: 1.795789 ms (FindLiveObjects: 0.186775 ms CreateObjectMapping: 0.058780 ms MarkObjects: 1.485079 ms  DeleteObjects: 0.064414 ms)

========================================================================
Received Import Request.
  Time since last request: 128.400114 seconds.
  path: Assets/OldScripts
  artifactKey: Guid(b57e70e9307f94233997704ac5b1ec6b) Importer(815301076,1909f56bfc062723c751e8b465ee728b)
Start importing Assets/OldScripts using Guid(b57e70e9307f94233997704ac5b1ec6b) Importer(815301076,1909f56bfc062723c751e8b465ee728b)  -> (artifact id: '28ca44c874f23480d0692e5221b86a5c') in 0.003792 seconds
  Import took 0.007111 seconds .

========================================================================
Received Prepare
Registering precompiled user dll's ...
Registered in 0.000562 seconds.
Begin MonoManager ReloadAssembly
Native extension for OSXStandalone target not found
Native extension for WebGL target not found
Refreshing native plugins compatible for Editor in 0.30 ms, found 2 plugins.
Preloading 0 native plugins for Editor in 0.00 ms.
Invoked RoslynAnalysisRunner static constructor.
RoslynAnalysisRunner will not be running.
RoslynAnalysisRunner has terminated.
Mono: successfully reloaded assembly
- Completed reload, in  0.885 seconds
Platform modules already initialized, skipping
Refreshing native plugins compatible for Editor in 0.22 ms, found 2 plugins.
Preloading 0 native plugins for Editor in 0.00 ms.
Unloading 1786 Unused Serialized files (Serialized files now loaded: 0)
System memory in use before: 159.1 MB.
System memory in use after: 159.1 MB.

Unloading 12 unused Assets to reduce memory usage. Loaded Objects now: 2287.
Total: 1.998943 ms (FindLiveObjects: 0.210232 ms CreateObjectMapping: 0.066859 ms MarkObjects: 1.627016 ms  DeleteObjects: 0.093611 ms)

========================================================================
Received Import Request.
  Time since last request: 7.437302 seconds.
  path: Assets/Scripts
  artifactKey: Guid(691bde2d92d9648faa83053e89a1022e) Importer(815301076,1909f56bfc062723c751e8b465ee728b)
Start importing Assets/Scripts using Guid(691bde2d92d9648faa83053e89a1022e) Importer(815301076,1909f56bfc062723c751e8b465ee728b)  -> (artifact id: 'a02b8c11b4da6d127ddf06edde6745d6') in 0.003613 seconds
  Import took 0.006449 seconds .

========================================================================
Received Import Request.
  Time since last request: 0.011834 seconds.
  path: Assets/Scripts
  artifactKey: Guid(691bde2d92d9648faa83053e89a1022e) Importer(815301076,1909f56bfc062723c751e8b465ee728b)
Start importing Assets/Scripts using Guid(691bde2d92d9648faa83053e89a1022e) Importer(815301076,1909f56bfc062723c751e8b465ee728b)  -> (artifact id: 'a02b8c11b4da6d127ddf06edde6745d6') in 0.001189 seconds
  Import took 0.003493 seconds .

========================================================================
Received Prepare
Registering precompiled user dll's ...
Registered in 0.000363 seconds.
Begin MonoManager ReloadAssembly
Native extension for OSXStandalone target not found
Native extension for WebGL target not found
Refreshing native plugins compatible for Editor in 0.29 ms, found 2 plugins.
Preloading 0 native plugins for Editor in 0.00 ms.
Invoked RoslynAnalysisRunner static constructor.
RoslynAnalysisRunner will not be running.
RoslynAnalysisRunner has terminated.
Mono: successfully reloaded assembly
- Completed reload, in  0.865 seconds
Platform modules already initialized, skipping
Refreshing native plugins compatible for Editor in 0.25 ms, found 2 plugins.
Preloading 0 native plugins for Editor in 0.00 ms.
Unloading 1786 Unused Serialized files (Serialized files now loaded: 0)
System memory in use before: 159.4 MB.
System memory in use after: 159.4 MB.

Unloading 12 unused Assets to reduce memory usage. Loaded Objects now: 2290.
Total: 2.128029 ms (FindLiveObjects: 0.211655 ms CreateObjectMapping: 0.067230 ms MarkObjects: 1.747485 ms  DeleteObjects: 0.100408 ms)

========================================================================
Received Prepare
Registering precompiled user dll's ...
Registered in 0.000835 seconds.
Begin MonoManager ReloadAssembly
Native extension for OSXStandalone target not found
Native extension for WebGL target not found
Refreshing native plugins compatible for Editor in 0.32 ms, found 2 plugins.
Preloading 0 native plugins for Editor in 0.00 ms.
Invoked RoslynAnalysisRunner static constructor.
RoslynAnalysisRunner will not be running.
RoslynAnalysisRunner has terminated.
Mono: successfully reloaded assembly
- Completed reload, in  0.947 seconds
Platform modules already initialized, skipping
Refreshing native plugins compatible for Editor in 0.32 ms, found 2 plugins.
Preloading 0 native plugins for Editor in 0.00 ms.
Unloading 1786 Unused Serialized files (Serialized files now loaded: 0)
System memory in use before: 159.7 MB.
System memory in use after: 159.7 MB.

Unloading 12 unused Assets to reduce memory usage. Loaded Objects now: 2293.
Total: 1.782908 ms (FindLiveObjects: 0.203096 ms CreateObjectMapping: 0.072468 ms MarkObjects: 1.412087 ms  DeleteObjects: 0.093507 ms)

========================================================================
Received Import Request.
  Time since last request: 33.954353 seconds.
  path: Assets/Scripts/GameManager.cs
  artifactKey: Guid(435bce84b24904d81b1cc4094216bf7a) Importer(815301076,1909f56bfc062723c751e8b465ee728b)
Start importing Assets/Scripts/GameManager.cs using Guid(435bce84b24904d81b1cc4094216bf7a) Importer(815301076,1909f56bfc062723c751e8b465ee728b)  -> (artifact id: 'a8804d1d5a5bcd269516e92fb04cc8b8') in 0.003928 seconds
  Import took 0.007208 seconds .

========================================================================
Received Import Request.
  Time since last request: 15.064192 seconds.
  path: Assets/Scripts/Tile.cs
  artifactKey: Guid(3aa846121bb0d416b9bfab667f1896ce) Importer(815301076,1909f56bfc062723c751e8b465ee728b)
Start importing Assets/Scripts/Tile.cs using Guid(3aa846121bb0d416b9bfab667f1896ce) Importer(815301076,1909f56bfc062723c751e8b465ee728b)  -> (artifact id: '6d6fe6ef49d9ad864d755f24ac8602db') in 0.002408 seconds
  Import took 0.005934 seconds .

========================================================================
Received Prepare
Registering precompiled user dll's ...
Registered in 0.000740 seconds.
Begin MonoManager ReloadAssembly
Native extension for OSXStandalone target not found
Native extension for WebGL target not found
Refreshing native plugins compatible for Editor in 0.63 ms, found 2 plugins.
Preloading 0 native plugins for Editor in 0.00 ms.
Invoked RoslynAnalysisRunner static constructor.
RoslynAnalysisRunner will not be running.
RoslynAnalysisRunner has terminated.
Mono: successfully reloaded assembly
- Completed reload, in  0.909 seconds
Platform modules already initialized, skipping
Refreshing native plugins compatible for Editor in 0.33 ms, found 2 plugins.
Preloading 0 native plugins for Editor in 0.00 ms.
Unloading 1787 Unused Serialized files (Serialized files now loaded: 0)
System memory in use before: 159.0 MB.
System memory in use after: 159.0 MB.

Unloading 12 unused Assets to reduce memory usage. Loaded Objects now: 2297.
Total: 1.905608 ms (FindLiveObjects: 0.203330 ms CreateObjectMapping: 0.056090 ms MarkObjects: 1.495436 ms  DeleteObjects: 0.149970 ms)

